F:\教学课程\2018-9-17晚班\11-13\11-12\11-12\DEBUG\MAIN.OBJ
F:\教学课程\2018-9-17晚班\11-13\11-12\11-12\DEBUG\贪吃蛇.OBJ
F:\教学课程\2018-9-17晚班\11-13\11-12\11-12\DEBUG\VC110.PDB
F:\教学课程\2018-9-17晚班\11-13\11-12\DEBUG\11-12.ILK
F:\教学课程\2018-9-17晚班\11-13\11-12\DEBUG\11-12.EXE
F:\教学课程\2018-9-17晚班\11-13\11-12\DEBUG\11-12.PDB
F:\教学课程\2018-9-17晚班\11-13\11-12\11-12\DEBUG\11-12.RES
F:\教学课程\2018-9-17晚班\11-13\11-12\11-12\Debug\main.obj
F:\教学课程\2018-9-17晚班\11-13\11-12\11-12\Debug\贪吃蛇.obj
F:\教学课程\2018-9-17晚班\11-13\11-12\11-12\Debug\cl.command.1.tlog
F:\教学课程\2018-9-17晚班\11-13\11-12\11-12\Debug\CL.read.1.tlog
F:\教学课程\2018-9-17晚班\11-13\11-12\11-12\Debug\CL.write.1.tlog
F:\教学课程\2018-9-17晚班\11-13\11-12\11-12\Debug\link-cvtres.read.1.tlog
F:\教学课程\2018-9-17晚班\11-13\11-12\11-12\Debug\link-cvtres.write.1.tlog
F:\教学课程\2018-9-17晚班\11-13\11-12\11-12\Debug\link-rc.read.1.tlog
F:\教学课程\2018-9-17晚班\11-13\11-12\11-12\Debug\link-rc.write.1.tlog
F:\教学课程\2018-9-17晚班\11-13\11-12\11-12\Debug\link.command.1.tlog
F:\教学课程\2018-9-17晚班\11-13\11-12\11-12\Debug\link.read.1.tlog
F:\教学课程\2018-9-17晚班\11-13\11-12\11-12\Debug\link.write.1.tlog
F:\教学课程\2018-9-17晚班\11-13\11-12\11-12\Debug\rc.command.1.tlog
F:\教学课程\2018-9-17晚班\11-13\11-12\11-12\Debug\rc.read.1.tlog
F:\教学课程\2018-9-17晚班\11-13\11-12\11-12\Debug\rc.write.1.tlog
F:\教学课程\2018-9-17晚班\11-13\11-12\11-12\Debug\11-12.res
F:\教学课程\2018-9-17晚班\11-13\11-12\11-12\Debug\vc110.idb
F:\教学课程\2018-9-17晚班\11-13\11-12\11-12\Debug\vc110.pdb
F:\教学课程\2018-9-17晚班\11-13\11-12\Debug\11-12.pdb
F:\教学课程\2018-9-17晚班\11-13\11-12\Debug\11-12.exe
F:\教学课程\2018-9-17晚班\11-13\11-12\Debug\11-12.ilk
